# JRE version: OpenJDK Runtime Environment (20.0+36) (build 20+36-2344)
# Java VM: OpenJDK 64-Bit Server VM (20+36-2344, mixed mode, emulated-client, sharing, tiered, compressed oops, compressed class ptrs, g1 gc, windows-amd64)
GC Precious Log:
 CardTable entry size: 512
 Card Set container configuration: InlinePtr #cards 4 size 8 Array Of Cards #cards 16 size 48 Howl #buckets 8 coarsen threshold 3686 Howl Bitmap #cards 512 size 80 coarsen threshold 460 Card regions per heap region 1 cards per card region 4096
 CPUs: 8 total, 8 available
 Memory: 16180M
 Large Page Support: Disabled
 NUMA Support: Disabled
 Compressed Oops: Enabled (Zero based)
 Heap Region Size: 2M
 Heap Min Capacity: 8M
 Heap Initial Capacity: 254M
 Heap Max Capacity: 4046M
 Pre-touch: Disabled
 Parallel Workers: 8
 Concurrent Workers: 2
 Concurrent Refinement Workers: 8
 Periodic GC: Disabled
Heap:
 garbage-first heap   total 81920K, used 66344K [0x0000000703200000, 0x0000000800000000)
  region size 2048K, 20 young (40960K), 1 survivors (2048K)
 Metaspace       used 66135K, committed 66944K, reserved 1114112K
  class space    used 8798K, committed 9152K, reserved 1048576K
GC Heap History (20 events):
Event: 168806.002 GC heap after
{Heap after GC invocations=139 (full 18):
 garbage-first heap   total 81920K, used 25826K [0x0000000703200000, 0x0000000800000000)
  region size 2048K, 3 young (6144K), 3 survivors (6144K)
 Metaspace       used 64973K, committed 65728K, reserved 1114112K
  class space    used 8688K, committed 9024K, reserved 1048576K
}
Event: 168825.390 GC heap before
{Heap before GC invocations=139 (full 18):
 garbage-first heap   total 81920K, used 54498K [0x0000000703200000, 0x0000000800000000)
  region size 2048K, 18 young (36864K), 3 survivors (6144K)
 Metaspace       used 65104K, committed 65856K, reserved 1114112K
  class space    used 8709K, committed 9024K, reserved 1048576K
}
Event: 168825.448 GC heap after
{Heap after GC invocations=140 (full 19):
 garbage-first heap   total 81920K, used 23337K [0x0000000703200000, 0x0000000800000000)
  region size 2048K, 0 young (0K), 0 survivors (0K)
 Metaspace       used 65052K, committed 65856K, reserved 1114112K
  class space    used 8696K, committed 9024K, reserved 1048576K
}
Event: 168826.485 GC heap before
{Heap before GC invocations=140 (full 19):
 garbage-first heap   total 81920K, used 68393K [0x0000000703200000, 0x0000000800000000)
  region size 2048K, 22 young (45056K), 0 survivors (0K)
 Metaspace       used 65232K, committed 65984K, reserved 1114112K
  class space    used 8714K, committed 9024K, reserved 1048576K
}
Event: 168826.490 GC heap after
{Heap after GC invocations=141 (full 19):
 garbage-first heap   total 81920K, used 26924K [0x0000000703200000, 0x0000000800000000)
  region size 2048K, 2 young (4096K), 2 survivors (4096K)
 Metaspace       used 65232K, committed 65984K, reserved 1114112K
  class space    used 8714K, committed 9024K, reserved 1048576K
}
Event: 168837.265 GC heap before
{Heap before GC invocations=141 (full 19):
 garbage-first heap   total 81920K, used 47404K [0x0000000703200000, 0x0000000800000000)
  region size 2048K, 13 young (26624K), 2 survivors (4096K)
 Metaspace       used 65313K, committed 66048K, reserved 1114112K
  class space    used 8722K, committed 9024K, reserved 1048576K
}
Event: 168837.327 GC heap after
{Heap after GC invocations=142 (full 20):
 garbage-first heap   total 81920K, used 23707K [0x0000000703200000, 0x0000000800000000)
  region size 2048K, 0 young (0K), 0 survivors (0K)
 Metaspace       used 65311K, committed 66048K, reserved 1114112K
  class space    used 8721K, committed 9024K, reserved 1048576K
}
Event: 168838.556 GC heap before
{Heap before GC invocations=142 (full 20):
 garbage-first heap   total 81920K, used 68763K [0x0000000703200000, 0x0000000800000000)
  region size 2048K, 22 young (45056K), 0 survivors (0K)
 Metaspace       used 65490K, committed 66304K, reserved 1114112K
  class space    used 8740K, committed 9088K, reserved 1048576K
}
Event: 168838.559 GC heap after
{Heap after GC invocations=143 (full 20):
 garbage-first heap   total 81920K, used 27110K [0x0000000703200000, 0x0000000800000000)
  region size 2048K, 2 young (4096K), 2 survivors (4096K)
 Metaspace       used 65490K, committed 66304K, reserved 1114112K
  class space    used 8740K, committed 9088K, reserved 1048576K
}
Event: 168895.305 GC heap before
{Heap before GC invocations=143 (full 20):
 garbage-first heap   total 81920K, used 68070K [0x0000000703200000, 0x0000000800000000)
  region size 2048K, 22 young (45056K), 2 survivors (4096K)
 Metaspace       used 65569K, committed 66368K, reserved 1114112K
  class space    used 8746K, committed 9088K, reserved 1048576K
}
Event: 168895.309 GC heap after
{Heap after GC invocations=144 (full 20):
 garbage-first heap   total 81920K, used 28195K [0x0000000703200000, 0x0000000800000000)
  region size 2048K, 1 young (2048K), 1 survivors (2048K)
 Metaspace       used 65569K, committed 66368K, reserved 1114112K
  class space    used 8746K, committed 9088K, reserved 1048576K
}
Event: 168911.175 GC heap before
{Heap before GC invocations=144 (full 20):
 garbage-first heap   total 81920K, used 34339K [0x0000000703200000, 0x0000000800000000)
  region size 2048K, 5 young (10240K), 1 survivors (2048K)
 Metaspace       used 65580K, committed 66368K, reserved 1114112K
  class space    used 8747K, committed 9088K, reserved 1048576K
}
Event: 168911.214 GC heap after
{Heap after GC invocations=145 (full 21):
 garbage-first heap   total 81920K, used 21076K [0x0000000703200000, 0x0000000800000000)
  region size 2048K, 0 young (0K), 0 survivors (0K)
 Metaspace       used 65468K, committed 66368K, reserved 1114112K
  class space    used 8718K, committed 9088K, reserved 1048576K
}
Event: 168912.400 GC heap before
{Heap before GC invocations=145 (full 21):
 garbage-first heap   total 81920K, used 66132K [0x0000000703200000, 0x0000000800000000)
  region size 2048K, 22 young (45056K), 0 survivors (0K)
 Metaspace       used 65755K, committed 66496K, reserved 1114112K
  class space    used 8765K, committed 9088K, reserved 1048576K
}
Event: 168912.405 GC heap after
{Heap after GC invocations=146 (full 21):
 garbage-first heap   total 81920K, used 26010K [0x0000000703200000, 0x0000000800000000)
  region size 2048K, 3 young (6144K), 3 survivors (6144K)
 Metaspace       used 65755K, committed 66496K, reserved 1114112K
  class space    used 8765K, committed 9088K, reserved 1048576K
}
Event: 168916.479 GC heap before
{Heap before GC invocations=146 (full 21):
 garbage-first heap   total 81920K, used 48538K [0x0000000703200000, 0x0000000800000000)
  region size 2048K, 15 young (30720K), 3 survivors (6144K)
 Metaspace       used 65998K, committed 66816K, reserved 1114112K
  class space    used 8795K, committed 9152K, reserved 1048576K
}
Event: 168916.525 GC heap after
{Heap after GC invocations=147 (full 22):
 garbage-first heap   total 81920K, used 23730K [0x0000000703200000, 0x0000000800000000)
  region size 2048K, 0 young (0K), 0 survivors (0K)
 Metaspace       used 65945K, committed 66816K, reserved 1114112K
  class space    used 8782K, committed 9152K, reserved 1048576K
}
Event: 168937.308 GC heap before
{Heap before GC invocations=147 (full 22):
 garbage-first heap   total 81920K, used 66738K [0x0000000703200000, 0x0000000800000000)
  region size 2048K, 21 young (43008K), 0 survivors (0K)
 Metaspace       used 66037K, committed 66816K, reserved 1114112K
  class space    used 8795K, committed 9152K, reserved 1048576K
}
Event: 168937.314 GC heap after
{Heap after GC invocations=148 (full 22):
 garbage-first heap   total 81920K, used 27432K [0x0000000703200000, 0x0000000800000000)
  region size 2048K, 2 young (4096K), 2 survivors (4096K)
 Metaspace       used 66037K, committed 66816K, reserved 1114112K
  class space    used 8795K, committed 9152K, reserved 1048576K
}
Event: 169112.494 GC heap before
{Heap before GC invocations=148 (full 22):
 garbage-first heap   total 81920K, used 66344K [0x0000000703200000, 0x0000000800000000)
  region size 2048K, 21 young (43008K), 2 survivors (4096K)
 Metaspace       used 66135K, committed 66944K, reserved 1114112K
  class space    used 8798K, committed 9152K, reserved 1048576K
}

